SF:lib/views/home/cylinder_view_model.dart
DA:14,4
DA:16,6
DA:17,0
DA:19,1
DA:20,1
DA:21,2
DA:24,0
DA:25,0
DA:26,0
DA:29,0
DA:30,0
DA:33,0
DA:34,0
DA:35,0
DA:36,0
DA:37,0
DA:39,0
DA:41,0
DA:45,0
DA:47,0
DA:48,0
DA:49,0
DA:50,0
DA:54,0
DA:55,0
DA:56,0
DA:57,0
DA:58,0
DA:64,0
DA:65,0
DA:67,0
DA:69,0
DA:72,0
DA:73,0
DA:75,0
DA:76,0
DA:77,0
DA:78,0
DA:79,0
DA:80,0
DA:82,0
DA:85,0
DA:88,0
DA:90,0
DA:106,1
DA:107,2
LF:46
LH:7
end_of_record
SF:lib/data/models/cylinder_model.dart
DA:10,0
DA:18,0
DA:19,0
DA:20,0
DA:21,0
DA:24,0
DA:28,0
DA:29,0
DA:30,0
DA:31,0
DA:32,0
DA:33,0
DA:34,0
DA:40,0
LF:14
LH:0
end_of_record
SF:lib/utils/formating/format_name.dart
DA:1,0
DA:2,0
DA:3,0
DA:4,0
LF:4
LH:0
end_of_record
SF:lib/data/repositories/cylinder_repository.dart
DA:10,2
DA:11,1
DA:12,1
DA:14,2
DA:15,1
DA:16,1
DA:20,2
DA:21,0
DA:22,0
DA:24,3
DA:27,2
LF:11
LH:9
end_of_record
SF:lib/utils/widgets/spacing.dart
DA:7,1
DA:13,1
DA:15,1
DA:16,4
DA:17,4
LF:5
LH:5
end_of_record
SF:lib/views/home/home_screen.dart
DA:8,1
DA:10,1
DA:11,1
DA:17,1
DA:19,1
DA:20,2
DA:21,1
DA:22,1
DA:23,3
DA:24,1
DA:27,1
DA:30,1
DA:31,3
DA:32,1
DA:33,0
DA:34,0
DA:35,0
DA:36,0
DA:38,0
DA:40,0
DA:42,0
DA:51,3
DA:52,2
DA:53,0
DA:54,1
DA:55,1
DA:58,1
DA:61,1
DA:65,1
DA:66,2
DA:67,0
DA:68,0
DA:70,1
DA:71,1
DA:72,1
DA:77,1
DA:78,1
DA:79,1
DA:80,1
DA:83,1
DA:84,3
DA:85,1
DA:87,1
DA:89,1
DA:90,1
DA:92,1
LF:46
LH:36
end_of_record
SF:lib/views/home/section/cylinder_section.dart
DA:13,1
DA:16,1
DA:18,1
DA:19,1
DA:20,0
DA:21,0
DA:23,1
DA:25,1
DA:26,1
DA:27,1
DA:28,1
DA:29,1
DA:30,1
DA:32,1
DA:34,1
DA:41,1
DA:42,1
DA:43,1
DA:44,3
DA:46,1
DA:47,1
DA:50,1
DA:51,1
DA:53,1
DA:55,3
DA:56,1
DA:57,1
DA:58,1
DA:64,1
DA:66,1
DA:70,1
DA:71,1
DA:72,1
DA:82,1
DA:83,1
DA:84,2
DA:85,1
DA:86,1
DA:87,0
DA:88,0
DA:89,0
DA:90,0
DA:91,0
DA:92,0
DA:93,0
DA:94,0
DA:95,0
DA:96,0
DA:97,0
DA:98,0
DA:99,0
DA:108,0
DA:109,0
DA:110,0
DA:111,0
DA:112,0
DA:118,0
DA:120,0
DA:124,0
DA:126,0
DA:128,0
DA:131,0
DA:132,0
DA:133,0
DA:134,0
DA:135,0
DA:138,0
DA:139,0
DA:140,0
DA:141,0
DA:142,0
DA:149,0
DA:151,0
DA:152,0
DA:153,0
DA:154,0
DA:156,0
DA:159,0
DA:161,0
DA:162,0
DA:163,0
DA:165,0
DA:167,0
DA:169,0
DA:170,0
DA:180,0
DA:181,0
DA:182,0
DA:183,0
DA:184,0
DA:187,0
DA:199,1
DA:200,1
DA:210,2
DA:212,1
DA:213,1
DA:214,1
DA:215,1
DA:216,1
DA:222,1
DA:224,1
DA:228,1
DA:230,1
DA:232,1
DA:235,1
DA:236,1
DA:237,1
DA:238,1
DA:239,1
DA:240,3
DA:241,1
DA:242,1
DA:243,1
DA:250,1
DA:252,1
DA:254,1
DA:255,1
DA:256,1
DA:258,1
DA:260,1
DA:262,1
DA:272,5
DA:273,1
DA:274,1
DA:276,1
DA:279,1
DA:292,0
DA:293,0
DA:294,0
DA:296,0
DA:298,0
DA:299,0
DA:300,0
DA:303,0
DA:305,0
DA:309,0
DA:310,0
DA:311,0
DA:332,0
DA:341,0
DA:343,0
DA:345,0
DA:346,0
DA:347,0
DA:349,0
DA:350,0
DA:351,0
DA:353,0
DA:355,0
DA:356,0
DA:357,0
DA:358,0
DA:359,0
DA:365,0
DA:367,0
DA:371,0
DA:373,0
DA:375,0
DA:378,0
DA:379,0
DA:380,0
DA:381,0
DA:382,0
DA:385,0
DA:386,0
DA:387,0
DA:388,0
DA:389,0
DA:396,0
DA:398,0
DA:399,0
DA:400,0
DA:401,0
DA:403,0
DA:406,0
DA:408,0
DA:409,0
DA:410,0
DA:412,0
DA:414,0
DA:416,0
DA:417,0
DA:427,0
DA:428,0
DA:429,0
DA:430,0
DA:431,0
DA:434,0
LF:188
LH:71
end_of_record
SF:lib/utils/services/generate_list.dart
DA:4,0
DA:5,0
DA:6,0
DA:9,0
DA:10,0
DA:11,0
DA:14,0
DA:15,0
DA:16,0
DA:19,0
DA:20,0
DA:21,0
DA:22,0
DA:23,0
DA:24,0
DA:25,0
DA:26,0
DA:27,0
LF:18
LH:0
end_of_record
SF:lib/utils/widgets/label_and_divider.dart
DA:9,0
DA:13,0
DA:15,0
DA:17,0
DA:18,0
DA:19,0
DA:20,0
DA:21,0
DA:24,0
DA:27,0
DA:30,0
DA:31,0
DA:32,0
DA:36,0
DA:37,0
DA:38,0
LF:16
LH:0
end_of_record
SF:lib/utils/widgets/space.dart
DA:3,1
DA:4,3
DA:7,0
DA:8,0
LF:4
LH:2
end_of_record
SF:lib/views/home/section/cart_section.dart
DA:12,0
DA:15,0
DA:17,0
DA:19,0
DA:20,0
DA:21,0
DA:22,0
DA:23,0
DA:25,0
DA:26,0
DA:27,0
DA:28,0
DA:30,0
DA:31,0
DA:36,0
DA:38,0
DA:39,0
DA:40,0
DA:42,0
DA:46,0
DA:47,0
DA:48,0
DA:50,0
DA:54,0
DA:55,0
DA:56,0
DA:57,0
DA:59,0
DA:60,0
DA:63,0
DA:64,0
DA:65,0
DA:66,0
DA:67,0
DA:70,0
DA:71,0
DA:74,0
DA:75,0
DA:76,0
DA:77,0
DA:80,0
DA:83,0
DA:84,0
DA:85,0
DA:86,0
DA:89,0
DA:96,0
DA:97,0
DA:98,0
DA:99,0
DA:100,0
DA:102,0
DA:105,0
DA:106,0
DA:107,0
DA:109,0
DA:110,0
DA:112,0
DA:118,0
DA:119,0
DA:128,0
DA:129,0
DA:130,0
DA:131,0
DA:133,0
DA:134,0
DA:136,0
DA:137,0
DA:138,0
DA:140,0
DA:141,0
DA:143,0
DA:149,0
DA:150,0
DA:167,0
DA:168,0
DA:170,0
DA:172,0
DA:173,0
DA:174,0
DA:176,0
DA:178,0
DA:182,0
DA:183,0
DA:185,0
DA:192,0
DA:194,0
DA:196,0
DA:210,0
DA:217,0
DA:219,0
DA:220,0
DA:221,0
DA:222,0
DA:225,0
DA:227,0
DA:230,0
DA:231,0
DA:234,0
DA:235,0
DA:236,0
DA:239,0
DA:240,0
DA:241,0
DA:246,0
LF:105
LH:0
end_of_record
SF:lib/views/loading/loading_screen.dart
DA:8,0
DA:11,0
DA:13,0
DA:15,0
DA:16,0
DA:17,0
DA:18,0
DA:19,0
DA:20,0
DA:22,0
DA:23,0
DA:24,0
DA:25,0
DA:26,0
DA:27,0
LF:15
LH:0
end_of_record
SF:lib/views/loading/loading_vew_model.dart
DA:6,0
DA:7,0
DA:8,0
DA:11,0
DA:13,0
DA:14,0
LF:6
LH:0
end_of_record
